#***************************************************************************

#sjplacer

#Version:            1.1

#Build Date:         Dec  5 2017 15:35:27

#File Generated:     Oct 8 2018 10:52:56

#Purpose:            

#Copyright (C) 2010-2011 by Softjin Technologies Pvt Ltd. All rights reserved.

#***************************************************************************

Executing : C:\Program Files (x86)\Cypress\PSoC Creator\4.2\PSoC Creator\bin/sjplacer.exe --proj-name Psoc_Wireless --netlist-vh2 Psoc_Wireless_p.vh2 --arch p35_udb4x6 --arch-file C:\Program Files (x86)\Cypress\PSoC Creator\4.2\PSoC Creator\dev\arch/udbdsi_4x6_24.cydata --ip-file C:\Program Files (x86)\Cypress\PSoC Creator\4.2\PSoC Creator\dev\psoc5/psoc5lp/ip_blocks.cydata --rrg-file C:\Program Files (x86)\Cypress\PSoC Creator\4.2\PSoC Creator\dev\psoc5/psoc5lp/route_arch-rrg.cydata --irq-file C:\Program Files (x86)\Cypress\PSoC Creator\4.2\PSoC Creator\dev\psoc5/psoc5lp/irqconn.cydata --drq-file C:\Program Files (x86)\Cypress\PSoC Creator\4.2\PSoC Creator\dev\psoc5/psoc5lp/dmaconn.cydata --dsi-conn-file C:\Program Files (x86)\Cypress\PSoC Creator\4.2\PSoC Creator\dev\psoc5/psoc5lp/dsiconn.cydata --pins-file pins_68-QFN.xml --lib-file Psoc_Wireless_p.lib --sdc-file Psoc_Wireless.sdc --io-pcf Psoc_Wireless.pci --outdir .

		Softjin Techologies Placer, Version 1.1

Build Date : Dec  5 2017	15:33:41

D2004: Option and Settings Summary
=============================================================
Netlist vh2 file          - Psoc_Wireless_p.vh2
Architecture file         - C:\Program Files (x86)\Cypress\PSoC Creator\4.2\PSoC Creator\dev\arch/udbdsi_4x6_24.cydata
Package                   - 
Defparam file             - 
SDC file                  - Psoc_Wireless.sdc
Output directory          - .
Timing library            - Psoc_Wireless_p.lib
IO Placement file         - Psoc_Wireless.pci

D2050: Starting reading inputs for placer
=============================================================
D2065: Reading netlist file : "Psoc_Wireless_p.vh2"
D2065: Reading arch file : "C:\Program Files (x86)\Cypress\PSoC Creator\4.2\PSoC Creator\dev\arch/udbdsi_4x6_24.cydata"
D2051: Reading of inputs for placer completed successfully

D2053: Starting placement of the design
=============================================================

Phase 2
Phase 3

Design Statistics after Packing
    Number of Combinational MCs 	:	55
    Number of Sequential MCs    	:	105
    Number of DPs               	:	19
    Number of Controls          	:	8
    Number of Status            	:	14
    Number of SyncCells         	:	7
    Number of count7cells       	:	7

Device Utilization Summary after Packing
    Macrocells                  :	160/192
    UDBS                        :	23/24
    IOs                         :	21/72


D2088: Phase 3, elapsed time : 0.2 (sec)

Phase 4
D2088: Phase 4, elapsed time : 0.0 (sec)

Phase 5
D2088: Phase 5, elapsed time : 0.0 (sec)

Phase 6

######################################################################
Placement Timing Summary

The timing summary is based on estimated routing delays after
placement. For final timing report, please carry out the timing
analysis after routing.
======================================================================

######################################################################
                     Clock Summary 
======================================================================
Number of clocks: 14
Clock: CyBUS_CLK            | Frequency:  51.8 MHz | Target:  66.0 MHz
Clock: CyILO                | Frequency: N/A       | Target:   0.0 MHz
Clock: CyIMO                | Frequency: N/A       | Target:  24.0 MHz
Clock: CyMASTER_CLK         | Frequency: N/A       | Target:  66.0 MHz
Clock: CyPLL_OUT            | Frequency: N/A       | Target:  66.0 MHz
Clock: GSM_IntClock         | Frequency:  48.2 MHz | Target:   0.5 MHz
Clock: LCD1_IntClock        | Frequency:  52.1 MHz | Target:   0.9 MHz
Clock: LCD2_IntClock        | Frequency:  44.5 MHz | Target:   0.9 MHz
Clock: PSOC_IntClock        | Frequency:  41.3 MHz | Target:   1.8 MHz
Clock: SPIM_IntClock        | Frequency:  59.3 MHz | Target:   3.9 MHz
Clock: WIFI_IntClock        | Frequency:  44.6 MHz | Target:   0.5 MHz
Clock: XBee_IntClock        | Frequency:  57.2 MHz | Target:   0.9 MHz
Clock: timer_clock          | Frequency: N/A       | Target:   0.0 MHz
Clock: timer_clock(fixed-function) | Frequency: N/A       | Target:   0.0 MHz

======================================================================
                     End of Clock Summary
######################################################################

D2088: Phase 6, elapsed time : 0.3 (sec)

Phase 7
######################################################################
                     Clock Summary 
======================================================================
Number of clocks: 14
Clock: CyBUS_CLK            | Frequency:  56.0 MHz | Target:  66.0 MHz
Clock: CyILO                | Frequency: N/A       | Target:   0.0 MHz
Clock: CyIMO                | Frequency: N/A       | Target:  24.0 MHz
Clock: CyMASTER_CLK         | Frequency: N/A       | Target:  66.0 MHz
Clock: CyPLL_OUT            | Frequency: N/A       | Target:  66.0 MHz
Clock: GSM_IntClock         | Frequency:  46.8 MHz | Target:   0.5 MHz
Clock: LCD1_IntClock        | Frequency:  53.6 MHz | Target:   0.9 MHz
Clock: LCD2_IntClock        | Frequency:  46.2 MHz | Target:   0.9 MHz
Clock: PSOC_IntClock        | Frequency:  42.9 MHz | Target:   1.8 MHz
Clock: SPIM_IntClock        | Frequency:  56.8 MHz | Target:   3.9 MHz
Clock: WIFI_IntClock        | Frequency:  50.0 MHz | Target:   0.5 MHz
Clock: XBee_IntClock        | Frequency:  57.2 MHz | Target:   0.9 MHz
Clock: timer_clock          | Frequency: N/A       | Target:   0.0 MHz
Clock: timer_clock(fixed-function) | Frequency: N/A       | Target:   0.0 MHz

======================================================================
                     End of Clock Summary
######################################################################
D2088: Phase 7, elapsed time : 4.1 (sec)

Final Design Statistics
    Number of Combinational MCs 	:	55
    Number of Sequential MCs    	:	105
    Number of DPs               	:	19
    Number of Controls          	:	8
    Number of Status            	:	14
    Number of SyncCells         	:	7
    Number of count7cells       	:	7
    Number of IOs       	:	21

Device Utilization Summary
    Macrocells                  :	160/192
    IOs                         :	21/72



######################################################################
Placement Timing Summary

The timing summary is based on estimated routing delays after
placement. For final timing report, please carry out the timing
analysis after routing.
======================================================================


######################################################################
                     Clock Summary 
======================================================================
Number of clocks: 14
Clock: CyBUS_CLK            | Frequency:  74.5 MHz | Target:  66.0 MHz
Clock: CyILO                | Frequency: N/A       | Target:   0.0 MHz
Clock: CyIMO                | Frequency: N/A       | Target:  24.0 MHz
Clock: CyMASTER_CLK         | Frequency: N/A       | Target:  66.0 MHz
Clock: CyPLL_OUT            | Frequency: N/A       | Target:  66.0 MHz
Clock: GSM_IntClock         | Frequency:  41.4 MHz | Target:   0.5 MHz
Clock: LCD1_IntClock        | Frequency:  51.9 MHz | Target:   0.9 MHz
Clock: LCD2_IntClock        | Frequency:  56.1 MHz | Target:   0.9 MHz
Clock: PSOC_IntClock        | Frequency:  50.0 MHz | Target:   1.8 MHz
Clock: SPIM_IntClock        | Frequency:  65.0 MHz | Target:   3.9 MHz
Clock: WIFI_IntClock        | Frequency:  41.3 MHz | Target:   0.5 MHz
Clock: XBee_IntClock        | Frequency:  57.2 MHz | Target:   0.9 MHz
Clock: timer_clock          | Frequency: N/A       | Target:   0.0 MHz
Clock: timer_clock(fixed-function) | Frequency: N/A       | Target:   0.0 MHz

======================================================================
                     End of Clock Summary
######################################################################

Phase 8
D2088: Phase 8, elapsed time : 0.0 (sec)

D2054: Placement of the design completed successfully

I2076: Total run-time: 6.3 sec.

